;  LST file generated by mikroListExporter - v.2.0 
; Date/Time: 6/20/2022 3:53:26 PM
;----------------------------------------------

;Address Opcode 	ASM
0x0000	0x0000000404E6  	GOTO	_main
0x0004	0x000000  	0
0x0006	0x000000  	0
0x0008	0x000000  	0
0x000A	0x000000  	0
0x000C	0x000000  	0
0x000E	0x000000  	0
0x0010	0x000000  	0
0x0012	0x000000  	0
0x0014	0x000000  	0
0x0016	0x000000  	0
0x0018	0x000000  	0
0x001A	0x000000  	0
0x001C	0x000000  	0
0x001E	0x000000  	0
0x0020	0x000000  	0
0x0022	0x000000  	0
0x0024	0x000000  	0
0x0026	0x000000  	0
0x0028	0x000000  	0
0x002A	0x000000  	0
0x002C	0x000000  	0
0x002E	0x000000  	0
0x0030	0x000000  	0
0x0032	0x000000  	0
0x0034	0x000000  	0
0x0036	0x000000  	0
0x0038	0x000000  	0
0x003A	0x000000  	0
0x003C	0x000000  	0
0x003E	0x000000  	0
0x0040	0x000000  	0
0x0042	0x000000  	0
0x0044	0x000000  	0
0x0046	0x000000  	0
0x0048	0x000000  	0
0x004A	0x000000  	0
0x004C	0x000000  	0
0x004E	0x000000  	0
0x0050	0x000000  	0
0x0052	0x000000  	0
0x0054	0x000000  	0
0x0056	0x000000  	0
0x0058	0x000000  	0
0x005A	0x000000  	0
0x005C	0x000000  	0
0x005E	0x000000  	0
0x0060	0x000000  	0
0x0062	0x000000  	0
0x0064	0x000000  	0
0x0066	0x000000  	0
0x0068	0x000000  	0
0x006A	0x000000  	0
0x006C	0x000000  	0
0x006E	0x000000  	0
0x0070	0x000000  	0
0x0072	0x000000  	0
0x0074	0x000000  	0
0x0076	0x000000  	0
0x0078	0x000000  	0
0x007A	0x000000  	0
0x007C	0x000000  	0
0x007E	0x000000  	0
0x0080	0x000000  	0
0x0082	0x000000  	0
0x0084	0x000000  	0
0x0086	0x000000  	0
0x0088	0x000000  	0
0x008A	0x000000  	0
0x008C	0x000000  	0
0x008E	0x000000  	0
0x0090	0x000000  	0
0x0092	0x000000  	0
0x0094	0x000000  	0
0x0096	0x000000  	0
0x0098	0x000000  	0
0x009A	0x000000  	0
0x009C	0x000000  	0
0x009E	0x000000  	0
0x00A0	0x000000  	0
0x00A2	0x000000  	0
0x00A4	0x000000  	0
0x00A6	0x000000  	0
0x00A8	0x000000  	0
0x00AA	0x000000  	0
0x00AC	0x000000  	0
0x00AE	0x000000  	0
0x00B0	0x000000  	0
0x00B2	0x000000  	0
0x00B4	0x000000  	0
0x00B6	0x000000  	0
0x00B8	0x000000  	0
0x00BA	0x000000  	0
0x00BC	0x000000  	0
0x00BE	0x000000  	0
0x00C0	0x000000  	0
0x00C2	0x000000  	0
0x00C4	0x000000  	0
0x00C6	0x000000  	0
0x00C8	0x000000  	0
0x00CA	0x000000  	0
0x00CC	0x000000  	0
0x00CE	0x000000  	0
0x00D0	0x000000  	0
0x00D2	0x000000  	0
0x00D4	0x000000  	0
0x00D6	0x000000  	0
0x00D8	0x000000  	0
0x00DA	0x000000  	0
0x00DC	0x000000  	0
0x00DE	0x000000  	0
0x00E0	0x000000  	0
0x00E2	0x000000  	0
0x00E4	0x000000  	0
0x00E6	0x000000  	0
0x00E8	0x000000  	0
0x00EA	0x000000  	0
0x00EC	0x000000  	0
0x00EE	0x000000  	0
0x00F0	0x000000  	0
0x00F2	0x000000  	0
0x00F4	0x000000  	0
0x00F6	0x000000  	0
0x00F8	0x000000  	0
0x00FA	0x000000  	0
0x00FC	0x000000  	0
0x00FE	0x000000  	0
0x0100	0x000000  	0
0x0102	0x000000  	0
0x0104	0x000000  	0
0x0106	0x000000  	0
0x0108	0x000000  	0
0x010A	0x000000  	0
0x010C	0x000000  	0
0x010E	0x000000  	0
0x0110	0x000000  	0
0x0112	0x000000  	0
0x0114	0x000000  	0
0x0116	0x000000  	0
0x0118	0x000000  	0
0x011A	0x000000  	0
0x011C	0x000000  	0
0x011E	0x000000  	0
0x0120	0x000000  	0
0x0122	0x000000  	0
0x0124	0x000000  	0
0x0126	0x000000  	0
0x0128	0x000000  	0
0x012A	0x000000  	0
0x012C	0x000000  	0
0x012E	0x000000  	0
0x0130	0x000000  	0
0x0132	0x000000  	0
0x0134	0x000000  	0
0x0136	0x000000  	0
0x0138	0x000000  	0
0x013A	0x000000  	0
0x013C	0x000000  	0
0x013E	0x000000  	0
0x0140	0x000000  	0
0x0142	0x000000  	0
0x0144	0x000000  	0
0x0146	0x000000  	0
0x0148	0x000000  	0
0x014A	0x000000  	0
0x014C	0x000000  	0
0x014E	0x000000  	0
0x0150	0x000000  	0
0x0152	0x000000  	0
0x0154	0x000000  	0
0x0156	0x000000  	0
0x0158	0x000000  	0
0x015A	0x000000  	0
0x015C	0x000000  	0
0x015E	0x000000  	0
0x0160	0x000000  	0
0x0162	0x000000  	0
0x0164	0x000000  	0
0x0166	0x000000  	0
0x0168	0x000000  	0
0x016A	0x000000  	0
0x016C	0x000000  	0
0x016E	0x000000  	0
0x0170	0x000000  	0
0x0172	0x000000  	0
0x0174	0x000000  	0
0x0176	0x000000  	0
0x0178	0x000000  	0
0x017A	0x000000  	0
0x017C	0x000000  	0
0x017E	0x000000  	0
0x0180	0x000000  	0
0x0182	0x000000  	0
0x0184	0x000000  	0
0x0186	0x000000  	0
0x0188	0x000000  	0
0x018A	0x000000  	0
0x018C	0x000000  	0
0x018E	0x000000  	0
0x0190	0x000000  	0
0x0192	0x000000  	0
0x0194	0x000000  	0
0x0196	0x000000  	0
0x0198	0x000000  	0
0x019A	0x000000  	0
0x019C	0x000000  	0
0x019E	0x000000  	0
0x01A0	0x000000  	0
0x01A2	0x000000  	0
0x01A4	0x000000  	0
0x01A6	0x000000  	0
0x01A8	0x000000  	0
0x01AA	0x000000  	0
0x01AC	0x000000  	0
0x01AE	0x000000  	0
0x01B0	0x000000  	0
0x01B2	0x000000  	0
0x01B4	0x000000  	0
0x01B6	0x000000  	0
0x01B8	0x000000  	0
0x01BA	0x000000  	0
0x01BC	0x000000  	0
0x01BE	0x000000  	0
0x01C0	0x000000  	0
0x01C2	0x000000  	0
0x01C4	0x000000  	0
0x01C6	0x000000  	0
0x01C8	0x000000  	0
0x01CA	0x000000  	0
0x01CC	0x000000  	0
0x01CE	0x000000  	0
0x01D0	0x000000  	0
0x01D2	0x000000  	0
0x01D4	0x000000  	0
0x01D6	0x000000  	0
0x01D8	0x000000  	0
0x01DA	0x000000  	0
0x01DC	0x000000  	0
0x01DE	0x000000  	0
0x01E0	0x000000  	0
0x01E2	0x000000  	0
0x01E4	0x000000  	0
0x01E6	0x000000  	0
0x01E8	0x000000  	0
0x01EA	0x000000  	0
0x01EC	0x000000  	0
0x01EE	0x000000  	0
0x01F0	0x000000  	0
0x01F2	0x000000  	0
0x01F4	0x000000  	0
0x01F6	0x000000  	0
0x01F8	0x000000  	0
0x01FA	0x000000  	0
0x01FC	0x000000  	0
0x01FE	0x000000  	0
_main:
0x04E6	0x21006F  	MOV	#4102, W15
0x04E8	0x27FFF0  	MOV	#32767, W0
0x04EA	0xB7A020  	MOV	WREG, SPLIM
0x04EC	0x202010  	MOV	#513, W0
0x04EE	0xB7A032  	MOV	WREG, DSRPAG
0x04F0	0x200040  	MOV	#4, W0
0x04F2	0xB72044  	IOR	CORCON
0x04F4	0x07FF97  	RCALL	_setup
L_main2:
0x04F6	0xA8AE52  	BSET.B	PORTFbits, #5
0x04F8	0x2001F8  	MOV	#31, W8
0x04FA	0x284917  	MOV	#33937, W7
L_main4:
0x04FC	0xED200E  	DEC	W7
0x04FE	0x3AFFFE  	BRA NZ	L_main4
0x0500	0xED2010  	DEC	W8
0x0502	0x3AFFFC  	BRA NZ	L_main4
0x0504	0x000000  	NOP
0x0506	0x000000  	NOP
0x0508	0x000000  	NOP
0x050A	0x000000  	NOP
0x050C	0xA9AE52  	BCLR.B	PORTFbits, #5
0x050E	0x2001F8  	MOV	#31, W8
0x0510	0x284917  	MOV	#33937, W7
L_main6:
0x0512	0xED200E  	DEC	W7
0x0514	0x3AFFFE  	BRA NZ	L_main6
0x0516	0xED2010  	DEC	W8
0x0518	0x3AFFFC  	BRA NZ	L_main6
0x051A	0x000000  	NOP
0x051C	0x000000  	NOP
0x051E	0x000000  	NOP
0x0520	0x000000  	NOP
0x0522	0x37FFE9  	BRA	L_main2
L_end_main:
L__main_end_loop:
0x0524	0x37FFFF  	BRA	L__main_end_loop
; end of _main
_setup:
0x0424	0x781F8A  	PUSH	W10
0x0426	0x781F8B  	PUSH	W11
0x0428	0x781F8C  	PUSH	W12
0x042A	0x781F8D  	PUSH	W13
0x042C	0xA9A740  	BCLR	RCONbits, #5
0x042E	0xEF2E4E  	CLR	ANSELE
0x0430	0xEF2E6E  	CLR	ANSELG
0x0432	0xEF2E50  	CLR	TRISF
0x0434	0xEF2E40  	CLR	TRISE
0x0436	0xEF2E60  	CLR	TRISG
0x0438	0xB3C100  	MOV.B	#16, W0
0x043A	0x784080  	MOV.B	W0, W1
0x043C	0x2068C0  	MOV	#lo_addr(RPOR6bits), W0
0x043E	0x68C090  	XOR.B	W1, [W0], W1
0x0440	0xB3C3F0  	MOV.B	#63, W0
0x0442	0x60C080  	AND.B	W1, W0, W1
0x0444	0x2068C0  	MOV	#lo_addr(RPOR6bits), W0
0x0446	0x68C090  	XOR.B	W1, [W0], W1
0x0448	0x2068C0  	MOV	#lo_addr(RPOR6bits), W0
0x044A	0x784801  	MOV.B	W1, [W0]
0x044C	0x211000  	MOV	#4352, W0
0x044E	0x780080  	MOV	W0, W1
0x0450	0x2068C0  	MOV	#lo_addr(RPOR6bits), W0
0x0452	0x688090  	XOR	W1, [W0], W1
0x0454	0x23F000  	MOV	#16128, W0
0x0456	0x608080  	AND	W1, W0, W1
0x0458	0x2068C0  	MOV	#lo_addr(RPOR6bits), W0
0x045A	0x688090  	XOR	W1, [W0], W1
0x045C	0x883461  	MOV	W1, RPOR6bits
0x045E	0x212000  	MOV	#4608, W0
0x0460	0x780080  	MOV	W0, W1
0x0462	0x2069A0  	MOV	#lo_addr(RPOR13bits), W0
0x0464	0x688090  	XOR	W1, [W0], W1
0x0466	0x23F000  	MOV	#16128, W0
0x0468	0x608080  	AND	W1, W0, W1
0x046A	0x2069A0  	MOV	#lo_addr(RPOR13bits), W0
0x046C	0x688090  	XOR	W1, [W0], W1
0x046E	0x8834D1  	MOV	W1, RPOR13bits
0x0470	0xEF201A  	CLR	W13
0x0472	0x20001C  	MOV	#1, W12
0x0474	0x203E8A  	MOV	#1000, W10
0x0476	0x20000B  	MOV	#0, W11
0x0478	0x200020  	MOV	#2, W0
0x047A	0x781F80  	PUSH	W0
0x047C	0x07FF24  	RCALL	_PWM_Init
0x047E	0xB1002F  	SUB	#2, W15
0x0480	0x888010  	MOV	W0, _pwm_period1
0x0482	0xDE0042  	LSR	W0, #2, W0
0x0484	0x20001B  	MOV	#1, W11
0x0486	0x780500  	MOV	W0, W10
0x0488	0x07FF02  	RCALL	_PWM_Set_Duty
0x048A	0xB3C01A  	MOV.B	#1, W10
0x048C	0x07FF0C  	RCALL	_PWM_Start
0x048E	0xEF201A  	CLR	W13
0x0490	0x20002C  	MOV	#2, W12
0x0492	0x203E8A  	MOV	#1000, W10
0x0494	0x20000B  	MOV	#0, W11
0x0496	0x200020  	MOV	#2, W0
0x0498	0x781F80  	PUSH	W0
0x049A	0x07FF15  	RCALL	_PWM_Init
0x049C	0xB1002F  	SUB	#2, W15
0x049E	0x888000  	MOV	W0, _pwm_period2
0x04A0	0x2000A2  	MOV	#10, W2
0x04A2	0x090011  	REPEAT	#17
0x04A4	0xD88002  	DIV.U	W0, W2
0x04A6	0x20002B  	MOV	#2, W11
0x04A8	0x780500  	MOV	W0, W10
0x04AA	0x07FEF1  	RCALL	_PWM_Set_Duty
0x04AC	0xB3C02A  	MOV.B	#2, W10
0x04AE	0x07FEFB  	RCALL	_PWM_Start
0x04B0	0xEF201A  	CLR	W13
0x04B2	0x20003C  	MOV	#3, W12
0x04B4	0x203E8A  	MOV	#1000, W10
0x04B6	0x20000B  	MOV	#0, W11
0x04B8	0x200020  	MOV	#2, W0
0x04BA	0x781F80  	PUSH	W0
0x04BC	0x07FF04  	RCALL	_PWM_Init
0x04BE	0xB1002F  	SUB	#2, W15
0x04C0	0x888020  	MOV	W0, _pwm_period3
0x04C2	0x2000A2  	MOV	#10, W2
0x04C4	0x090011  	REPEAT	#17
0x04C6	0xD88002  	DIV.U	W0, W2
0x04C8	0x20003B  	MOV	#3, W11
0x04CA	0x780500  	MOV	W0, W10
0x04CC	0x07FEE0  	RCALL	_PWM_Set_Duty
0x04CE	0xB3C03A  	MOV.B	#3, W10
0x04D0	0x07FEEA  	RCALL	_PWM_Start
0x04D2	0x24E207  	MOV	#20000, W7
L_setup0:
0x04D4	0xED200E  	DEC	W7
0x04D6	0x3AFFFE  	BRA NZ	L_setup0
0x04D8	0x000000  	NOP
0x04DA	0x000000  	NOP
L_end_setup:
0x04DC	0x7806CF  	POP	W13
0x04DE	0x78064F  	POP	W12
0x04E0	0x7805CF  	POP	W11
0x04E2	0x78054F  	POP	W10
0x04E4	0x060000  	RETURN
; end of _setup
_PWM_Init:
0x02C6	0xFA0008  	LNK	#8
0x02C8	0x781F8C  	PUSH	W12
; use_timer_x start address is: 8 (W4)
0x02CA	0x97BA4E  	MOV	[W14-8], W4
0x02CC	0x37000F  	BRA	L_PWM_Init0
L_PWM_Init2:
0x02CE	0xEF2000  	CLR	W0
0x02D0	0x980710  	MOV	W0, [W14+2]
0x02D2	0x370017  	BRA	L_PWM_Init1
L_PWM_Init3:
0x02D4	0x200010  	MOV	#1, W0
0x02D6	0x980710  	MOV	W0, [W14+2]
0x02D8	0x370014  	BRA	L_PWM_Init1
L_PWM_Init4:
0x02DA	0x200020  	MOV	#2, W0
0x02DC	0x980710  	MOV	W0, [W14+2]
0x02DE	0x370011  	BRA	L_PWM_Init1
L_PWM_Init5:
0x02E0	0x200030  	MOV	#3, W0
0x02E2	0x980710  	MOV	W0, [W14+2]
0x02E4	0x37000E  	BRA	L_PWM_Init1
L_PWM_Init6:
0x02E6	0xEF2000  	CLR	W0
0x02E8	0x980710  	MOV	W0, [W14+2]
0x02EA	0x37000B  	BRA	L_PWM_Init1
L_PWM_Init0:
0x02EC	0xE16861  	CP	W13, #1
0x02EE	0x32FFEF  	BRA Z	L_PWM_Init2
L__PWM_Init18:
0x02F0	0xE16868  	CP	W13, #8
0x02F2	0x32FFF0  	BRA Z	L_PWM_Init3
L__PWM_Init19:
0x02F4	0x200400  	MOV	#64, W0
0x02F6	0xE16800  	CP	W13, W0
0x02F8	0x32FFF0  	BRA Z	L_PWM_Init4
L__PWM_Init20:
0x02FA	0x201000  	MOV	#256, W0
0x02FC	0xE16800  	CP	W13, W0
0x02FE	0x32FFF0  	BRA Z	L_PWM_Init5
L__PWM_Init21:
0x0300	0x37FFF2  	BRA	L_PWM_Init6
L_PWM_Init1:
0x0302	0x560061  	SUB	W12, #1, W0
0x0304	0x780600  	MOV	W0, W12
0x0306	0x200050  	MOV	#5, W0
0x0308	0xB86100  	MUL.UU	W12, W0, W2
0x030A	0x780602  	MOV	W2, W12
0x030C	0x209000  	MOV	#lo_addr(OC1CON1), W0
0x030E	0x980700  	MOV	W0, [W14+0]
0x0310	0xDD10C1  	SL	W2, #1, W1
0x0312	0x470060  	ADD	W14, #0, W0
0x0314	0x408010  	ADD	W1, [W0], W0
0x0316	0x4000E6  	ADD	W0, #6, W1
0x0318	0xEF2000  	CLR	W0
0x031A	0x780880  	MOV	W0, [W1]
0x031C	0xDD60C1  	SL	W12, #1, W1
0x031E	0x470060  	ADD	W14, #0, W0
0x0320	0x408010  	ADD	W1, [W0], W0
0x0322	0x400064  	ADD	W0, #4, W0
0x0324	0x980730  	MOV	W0, [W14+6]
0x0326	0x781F84  	PUSH	W4
0x0328	0xBE9F8C  	PUSH.D	W12
0x032A	0xBE9F8A  	PUSH.D	W10
0x032C	0x78060D  	MOV	W13, W12
0x032E	0x07FF9D  	RCALL	__Lib_PWM_P24EPxxxGP_GU_81x_P33EPxxxGP_MC_MU_8xx_Pwm_Calc_Period
0x0330	0xBE054F  	POP.D	W10
0x0332	0xBE064F  	POP.D	W12
0x0334	0x78024F  	POP	W4
0x0336	0x9000BE  	MOV	[W14+6], W1
0x0338	0x780880  	MOV	W0, [W1]
0x033A	0xDD60C1  	SL	W12, #1, W1
0x033C	0x470060  	ADD	W14, #0, W0
0x033E	0x408010  	ADD	W1, [W0], W0
0x0340	0x4000E2  	ADD	W0, #2, W1
0x0342	0x2001F0  	MOV	#31, W0
0x0344	0x780880  	MOV	W0, [W1]
0x0346	0xDD60C1  	SL	W12, #1, W1
0x0348	0x470060  	ADD	W14, #0, W0
0x034A	0x408090  	ADD	W1, [W0], W1
0x034C	0xEF2000  	CLR	W0
0x034E	0x780880  	MOV	W0, [W1]
0x0350	0xE12061  	CP	W4, #1
0x0352	0x3A0014  	BRA NZ	L_PWM_Init7
L__PWM_Init22:
; use_timer_x end address is: 8 (W4)
0x0354	0x781F8C  	PUSH	W12
0x0356	0x78060D  	MOV	W13, W12
0x0358	0x07FF88  	RCALL	__Lib_PWM_P24EPxxxGP_GU_81x_P33EPxxxGP_MC_MU_8xx_Pwm_Calc_Period
0x035A	0x78064F  	POP	W12
0x035C	0xB7A102  	MOV	WREG, PR1
0x035E	0xDD60C1  	SL	W12, #1, W1
0x0360	0x470060  	ADD	W14, #0, W0
0x0362	0x408110  	ADD	W1, [W0], W2
0x0364	0x780092  	MOV	[W2], W1
0x0366	0x210000  	MOV	#4096, W0
0x0368	0x708900  	IOR	W1, W0, [W2]
0x036A	0xEF2100  	CLR	TMR1
0x036C	0xEF2104  	CLR	T1CON
0x036E	0x90001E  	MOV	[W14+2], W0
0x0370	0xDD00C4  	SL	W0, #4, W1
0x0372	0x201040  	MOV	#lo_addr(T1CON), W0
0x0374	0x708810  	IOR	W1, [W0], [W0]
0x0376	0xA8E111  	BSET	T2CONbits, #15
0x0378	0xBF8102  	MOV	PR1, WREG
0x037A	0x370051  	BRA	L_end_PWM_Init
L_PWM_Init7:
; use_timer_x start address is: 8 (W4)
0x037C	0xE12062  	CP	W4, #2
0x037E	0x3A000C  	BRA NZ	L_PWM_Init9
L__PWM_Init23:
; use_timer_x end address is: 8 (W4)
0x0380	0x78060D  	MOV	W13, W12
0x0382	0x07FF73  	RCALL	__Lib_PWM_P24EPxxxGP_GU_81x_P33EPxxxGP_MC_MU_8xx_Pwm_Calc_Period
0x0384	0xB7A10C  	MOV	WREG, PR2
0x0386	0xEF2106  	CLR	TMR2
0x0388	0xEF2110  	CLR	T2CON
0x038A	0x90001E  	MOV	[W14+2], W0
0x038C	0xDD00C4  	SL	W0, #4, W1
0x038E	0x201100  	MOV	#lo_addr(T2CON), W0
0x0390	0x708810  	IOR	W1, [W0], [W0]
0x0392	0xA8E111  	BSET	T2CONbits, #15
0x0394	0xBF810C  	MOV	PR2, WREG
0x0396	0x370043  	BRA	L_end_PWM_Init
L_PWM_Init9:
; use_timer_x start address is: 8 (W4)
0x0398	0xE12063  	CP	W4, #3
0x039A	0x3A0014  	BRA NZ	L_PWM_Init11
L__PWM_Init24:
; use_timer_x end address is: 8 (W4)
0x039C	0x781F8C  	PUSH	W12
0x039E	0x78060D  	MOV	W13, W12
0x03A0	0x07FF64  	RCALL	__Lib_PWM_P24EPxxxGP_GU_81x_P33EPxxxGP_MC_MU_8xx_Pwm_Calc_Period
0x03A2	0x78064F  	POP	W12
0x03A4	0xB7A10E  	MOV	WREG, PR3
0x03A6	0xDD60C1  	SL	W12, #1, W1
0x03A8	0x470060  	ADD	W14, #0, W0
0x03AA	0x408110  	ADD	W1, [W0], W2
0x03AC	0x780092  	MOV	[W2], W1
0x03AE	0x204000  	MOV	#1024, W0
0x03B0	0x708900  	IOR	W1, W0, [W2]
0x03B2	0xEF210A  	CLR	TMR3
0x03B4	0xEF2112  	CLR	T3CON
0x03B6	0x90001E  	MOV	[W14+2], W0
0x03B8	0xDD00C4  	SL	W0, #4, W1
0x03BA	0x201120  	MOV	#lo_addr(T3CON), W0
0x03BC	0x708810  	IOR	W1, [W0], [W0]
0x03BE	0xA8E113  	BSET	T3CONbits, #15
0x03C0	0xBF810E  	MOV	PR3, WREG
0x03C2	0x37002D  	BRA	L_end_PWM_Init
L_PWM_Init11:
; use_timer_x start address is: 8 (W4)
0x03C4	0xE12064  	CP	W4, #4
0x03C6	0x3A0014  	BRA NZ	L_PWM_Init13
L__PWM_Init25:
; use_timer_x end address is: 8 (W4)
0x03C8	0x781F8C  	PUSH	W12
0x03CA	0x78060D  	MOV	W13, W12
0x03CC	0x07FF4E  	RCALL	__Lib_PWM_P24EPxxxGP_GU_81x_P33EPxxxGP_MC_MU_8xx_Pwm_Calc_Period
0x03CE	0x78064F  	POP	W12
0x03D0	0xB7A11A  	MOV	WREG, PR4
0x03D2	0xDD60C1  	SL	W12, #1, W1
0x03D4	0x470060  	ADD	W14, #0, W0
0x03D6	0x408110  	ADD	W1, [W0], W2
0x03D8	0x780092  	MOV	[W2], W1
0x03DA	0x208000  	MOV	#2048, W0
0x03DC	0x708900  	IOR	W1, W0, [W2]
0x03DE	0xEF2114  	CLR	TMR4
0x03E0	0xEF211E  	CLR	T4CON
0x03E2	0x90001E  	MOV	[W14+2], W0
0x03E4	0xDD00C4  	SL	W0, #4, W1
0x03E6	0x2011E0  	MOV	#lo_addr(T4CON), W0
0x03E8	0x708810  	IOR	W1, [W0], [W0]
0x03EA	0xA8E11F  	BSET	T4CONbits, #15
0x03EC	0xBF811A  	MOV	PR4, WREG
0x03EE	0x370017  	BRA	L_end_PWM_Init
L_PWM_Init13:
; use_timer_x start address is: 8 (W4)
0x03F0	0xE12065  	CP	W4, #5
0x03F2	0x3A0014  	BRA NZ	L_PWM_Init15
L__PWM_Init26:
; use_timer_x end address is: 8 (W4)
0x03F4	0x781F8C  	PUSH	W12
0x03F6	0x78060D  	MOV	W13, W12
0x03F8	0x07FF38  	RCALL	__Lib_PWM_P24EPxxxGP_GU_81x_P33EPxxxGP_MC_MU_8xx_Pwm_Calc_Period
0x03FA	0x78064F  	POP	W12
0x03FC	0xB7A11C  	MOV	WREG, PR5
0x03FE	0xDD60C1  	SL	W12, #1, W1
0x0400	0x470060  	ADD	W14, #0, W0
0x0402	0x408110  	ADD	W1, [W0], W2
0x0404	0x780092  	MOV	[W2], W1
0x0406	0x20C000  	MOV	#3072, W0
0x0408	0x708900  	IOR	W1, W0, [W2]
0x040A	0xEF2118  	CLR	TMR5
0x040C	0xEF2120  	CLR	T5CON
0x040E	0x90001E  	MOV	[W14+2], W0
0x0410	0xDD00C4  	SL	W0, #4, W1
0x0412	0x201200  	MOV	#lo_addr(T5CON), W0
0x0414	0x708810  	IOR	W1, [W0], [W0]
0x0416	0xA8E121  	BSET	T5CONbits, #15
0x0418	0xBF811C  	MOV	PR5, WREG
0x041A	0x370001  	BRA	L_end_PWM_Init
L_PWM_Init15:
0x041C	0x2FFFF0  	MOV	#65535, W0
L_end_PWM_Init:
0x041E	0x78064F  	POP	W12
0x0420	0xFA8000  	ULNK
0x0422	0x060000  	RETURN
; end of _PWM_Init
__Lib_PWM_P24EPxxxGP_GU_81x_P33EPxxxGP_MC_MU_8xx_Pwm_Calc_Period:
0x026A	0xFA0000  	LNK	#0
0x026C	0x07FFC9  	RCALL	_Get_Fosc_kHz
0x026E	0x201F52  	MOV	#501, W2
0x0270	0x200003  	MOV	#0, W3
0x0272	0x07FFC9  	RCALL	__Multiply_32x32
0x0274	0x781F8C  	PUSH	W12
0x0276	0xBE010A  	MOV.D	W10, W2
0x0278	0xEB0200  	CLR	W4
0x027A	0x07FFCE  	RCALL	__Divide_32x32
0x027C	0x78064F  	POP	W12
0x027E	0x78010C  	MOV	W12, W2
0x0280	0xEB0180  	CLR	W3
0x0282	0xEB0200  	CLR	W4
0x0284	0x07FFC9  	RCALL	__Divide_32x32
0x0286	0x500061  	SUB	W0, #1, W0
0x0288	0x5880E0  	SUBB	W1, #0, W1
L_end_Pwm_Calc_Period:
0x028A	0xFA8000  	ULNK
0x028C	0x060000  	RETURN
; end of __Lib_PWM_P24EPxxxGP_GU_81x_P33EPxxxGP_MC_MU_8xx_Pwm_Calc_Period
_Get_Fosc_kHz:
0x0200	0x24E200  	MOV	#20000, W0
0x0202	0x200001  	MOV	#0, W1
L_end_Get_Fosc_kHz:
0x0204	0x060000  	RETURN
; end of _Get_Fosc_kHz
__Multiply_32x32:
0x0206	0xFA0000  	LNK	#0
0x0208	0xB80A02  	MUL.UU	W1, W2, W4
0x020A	0x880050  	MOV	W0, W5
0x020C	0xB80002  	MUL.UU	W0, W2, W0
0x020E	0x420081  	ADD	W4, W1, W1
0x0210	0xB82A03  	MUL.UU	W5, W3, W4
0x0212	0x420081  	ADD	W4, W1, W1
L_end__Multiply_32x32:
0x0214	0xFA8000  	ULNK
0x0216	0x060000  	RETURN
; end of __Multiply_32x32
__Divide_32x32:
0x0218	0xFA0000  	LNK	#0
0x021A	0x070002  	RCALL	Divide_32x32___testsus
0x021C	0x000000040266  	GOTO	the_end_Divide_32x32
Divide_32x32___testsus:
0x0220	0xE20008  	CP0	W4
0x0222	0x3A0002  	BRA NZ	Divide_32x32___divsi3
0x0224	0x070010  	RCALL	Divide_32x32___udivsi3
0x0226	0x060000  	RETURN
Divide_32x32___divsi3:
0x0228	0x689F83  	XOR	W1, W3, [W15++]
0x022A	0xE20002  	CP0	W1
0x022C	0x3D0002  	BRA GE	Divide_32x32_divtestb
0x022E	0x100060  	SUBR	W0, #0, W0
0x0230	0x1880E0  	SUBBR	W1, #0, W1
Divide_32x32_divtestb:
0x0232	0xE20006  	CP0	W3
0x0234	0x3D0002  	BRA GE	Divide_32x32_calcquot
0x0236	0x110160  	SUBR	W2, #0, W2
0x0238	0x1981E0  	SUBBR	W3, #0, W3
Divide_32x32_calcquot:
0x023A	0x070005  	RCALL	Divide_32x32___udivsi3
0x023C	0xE0004F  	CP0	[--W15]
0x023E	0x3B0002  	BRA NN	Divide_32x32_returnq
0x0240	0x100060  	SUBR	W0, #0, W0
0x0242	0x1880E0  	SUBBR	W1, #0, W1
Divide_32x32_returnq:
0x0244	0x060000  	RETURN
Divide_32x32___udivsi3:
0x0246	0xB82260  	MUL.UU	W4, #0, W4
0x0248	0x200206  	MOV	#32, W6
Divide_32x32_nextbit:
0x024A	0xD00000  	SL	W0, W0
0x024C	0xD28081  	RLC	W1, W1
0x024E	0xD28204  	RLC	W4, W4
0x0250	0xD28285  	RLC	W5, W5
0x0252	0xA80000  	BSET	W0, #0
0x0254	0x520202  	SUB	W4, W2, W4
0x0256	0x5A8283  	SUBB	W5, W3, W5
0x0258	0x3B0003  	BRA NN	Divide_32x32_iterate
0x025A	0x420202  	ADD	W4, W2, W4
0x025C	0x4A8283  	ADDC	W5, W3, W5
0x025E	0xA10000  	BCLR	W0, #0
Divide_32x32_iterate:
0x0260	0xE90306  	DEC	W6, W6
0x0262	0x3AFFF3  	BRA NZ	Divide_32x32_nextbit
0x0264	0x060000  	RETURN
the_end_Divide_32x32:
L_end__Divide_32x32:
0x0266	0xFA8000  	ULNK
0x0268	0x060000  	RETURN
; end of __Divide_32x32
_PWM_Set_Duty:
0x028E	0xFA0000  	LNK	#0
0x0290	0x558061  	SUB	W11, #1, W0
0x0292	0x780580  	MOV	W0, W11
0x0294	0x200050  	MOV	#5, W0
0x0296	0xB85800  	MUL.UU	W11, W0, W0
0x0298	0x780580  	MOV	W0, W11
; ptr start address is: 4 (W2)
0x029A	0x209062  	MOV	#lo_addr(OC1R), W2
0x029C	0xDD0041  	SL	W0, #1, W0
0x029E	0x410000  	ADD	W2, W0, W0
; ptr end address is: 4 (W2)
0x02A0	0x78080A  	MOV	W10, [W0]
L_end_PWM_Set_Duty:
0x02A2	0xFA8000  	ULNK
0x02A4	0x060000  	RETURN
; end of _PWM_Set_Duty
_PWM_Start:
0x02A6	0xFA0000  	LNK	#0
0x02A8	0x554061  	SUB.B	W10, #1, W0
0x02AA	0x784500  	MOV.B	W0, W10
0x02AC	0xFB808A  	ZE	W10, W1
0x02AE	0x200050  	MOV	#5, W0
0x02B0	0xB80800  	MUL.UU	W1, W0, W0
0x02B2	0x784500  	MOV.B	W0, W10
; ptr start address is: 4 (W2)
0x02B4	0x209002  	MOV	#lo_addr(OC1CON1), W2
0x02B6	0xFB8000  	ZE	W0, W0
0x02B8	0xDD0041  	SL	W0, #1, W0
0x02BA	0x410080  	ADD	W2, W0, W1
; ptr end address is: 4 (W2)
0x02BC	0x780011  	MOV	[W1], W0
0x02BE	0x700066  	IOR	W0, #6, W0
0x02C0	0x780880  	MOV	W0, [W1]
L_end_PWM_Start:
0x02C2	0xFA8000  	ULNK
0x02C4	0x060000  	RETURN
; end of _PWM_Start
Symbol List:
//** Routines locations **
//ADDRESS    SIZE    PROCEDURE
//----------------------------------------------
0x0200       [6]    _Get_Fosc_kHz
0x0206      [18]    __Multiply_32x32
0x0218      [82]    __Divide_32x32
0x026A      [36]    __Lib_PWM_P24EPxxxGP_GU_81x_P33EPxxxGP_MC_MU_8xx_Pwm_Calc_Period
0x028E      [24]    _PWM_Set_Duty
0x02A6      [32]    _PWM_Start
0x02C6     [350]    _PWM_Init
0x0424     [194]    _setup
0x04E6      [64]    _main
//** Variables locations ** 
//ADDRESS    SIZE    VARIABLE
//----------------------------------------------
0x010A       [2]    TMR3
0x010E       [2]    PR3
0x0112       [2]    T3CONbits
0x0112       [2]    T3CON
0x010C       [2]    PR2
0x0110       [2]    T2CONbits
0x0110       [2]    T2CON
0x0106       [2]    TMR2
0x0118       [2]    TMR5
0x011C       [2]    PR5
0x0120       [2]    T5CONbits
0x0120       [2]    T5CON
0x0114       [2]    TMR4
0x011A       [2]    PR4
0x011E       [2]    T4CONbits
0x011E       [2]    T4CON
0x0104       [2]    T1CON
0x0E60       [2]    TRISG
0x0E40       [2]    TRISE
0x069A       [2]    RPOR13bits
0x068C       [2]    RPOR6bits
0x0E4E       [2]    ANSELE
0x0740       [2]    RCONbits
0x0E50       [2]    TRISF
0x0E6E       [2]    ANSELG
0x0900       [2]    OC1CON1
0x0906       [2]    OC1R
0x0100       [2]    TMR1
0x0102       [2]    PR1
0x1000       [2]    _pwm_period2
0x1002       [2]    _pwm_period1
0x0E52       [1]    PORTFbits
0x1004       [2]    _pwm_period3
0x0100       [2]    TMR1
0x0102       [2]    PR1
0x0104       [2]    T1CON
0x0106       [2]    TMR2
0x010A       [2]    TMR3
0x010C       [2]    PR2
0x010E       [2]    PR3
0x0110       [2]    T2CON
0x0112       [2]    T3CON
0x0114       [2]    TMR4
0x0118       [2]    TMR5
0x011A       [2]    PR4
0x011C       [2]    PR5
0x011E       [2]    T4CON
0x0120       [2]    T5CON
0x0014       [4]    FARG___Lib_PWM_P24EPxxxGP_GU_81x_P33EPxxxGP_MC_MU_8xx_Pwm_Calc_Period_freq_hz
0x0018       [2]    FARG___Lib_PWM_P24EPxxxGP_GU_81x_P33EPxxxGP_MC_MU_8xx_Pwm_Calc_Period_prescaler
0x0014       [2]    FARG_PWM_Set_Duty_duty
0x0016       [2]    FARG_PWM_Set_Duty_channel
0x0014       [1]    FARG_PWM_Start_enable_channel_x
0x0014       [4]    FARG_PWM_Init_freq_hz
0x0018       [2]    FARG_PWM_Init_enable_channel_x
0x001A       [2]    FARG_PWM_Init_timer_prescaler
0x0900       [2]    OC1CON1
0x0906       [2]    OC1R
0x0E40       [2]    TRISE
0x0E4E       [2]    ANSELE
0x0E50       [2]    TRISF
0x0E60       [2]    TRISG
0x0E6E       [2]    ANSELG
